#
# A fatal error has been detected by the Java Runtime Environment:
#
#  EXCEPTION_ACCESS_VIOLATION (0xc0000005) at pc=0x0000000068f23350, pid=3348, tid=0x0000000000001504
#
# JRE version: OpenJDK Runtime Environment (8.0_242-b01) (build 1.8.0_242-release-1644-b01)
# Java VM: OpenJDK 64-Bit Server VM (25.242-b01 mixed mode windows-amd64 compressed oops)
# Problematic frame:
# V  [jvm.dll+0x473350]
#
# Failed to write core dump. Minidumps are not enabled by default on client versions of Windows
#
# If you would like to submit a bug report, please visit:
#   
#

---------------  T H R E A D  ---------------

Current thread (0x0000000017611000):  JavaThread "C2 CompilerThread0" daemon [_thread_in_native, id=5380, stack(0x0000000018620000,0x0000000018720000)]

siginfo: ExceptionCode=0xc0000005, writing address 0x0000000000000000

Registers:
RAX=0x0000000000000000, RBX=0x00000000200d5dd0, RCX=0x000000001871c370, RDX=0x00000000003a0000
RSP=0x000000001871c2d8, RBP=0x0000000000000e94, RSI=0x000000001871c690, RDI=0x0000000000001dfc
R8 =0x0000000000100000, R9 =0x000000001937a260, R10=0x0000000068ab0000, R11=0x00000000201ad550
R12=0x000000006927f750, R13=0x0000000020237110, R14=0x00000000000912b0, R15=0x0000000068ab0000
RIP=0x0000000068f23350, EFLAGS=0x0000000000010246

Top of Stack: (sp=0x000000001871c2d8)
0x000000001871c2d8:   0000000068eec11f 000000001871c6b0
0x000000001871c2e8:   00000000200cbfb0 0000000000000e94
0x000000001871c2f8:   000000001871c690 0000338d00000000
0x000000001871c308:   0000000000000008 000000001d39ffc0
0x000000001871c318:   0000000000000036 000000001d7001e0
0x000000001871c328:   0000000000000036 0000000020079670
0x000000001871c338:   0000358f00000000 0000000000000008
0x000000001871c348:   000000001d80dfc0 0000000000000036
0x000000001871c358:   000000001db0cc40 0000000000000036
0x000000001871c368:   000000002003bcd0 00001e0100000000
0x000000001871c378:   0000000000000008 000000001d3b9a20
0x000000001871c388:   000000000000001e 000000001d8417e0
0x000000001871c398:   0000000000000036 000000001871c6b0
0x000000001871c3a8:   0000000000000036 0000000018c0fa60
0x000000001871c3b8:   000000001871c690 0000000000000e94
0x000000001871c3c8:   0000000020079670 00000000000014bd 

Instructions: (pc=0x0000000068f23350)
0x0000000068f23330:   bb 90 00 00 00 72 e9 48 8b 5c 24 40 48 83 c4 20
0x0000000068f23340:   5f c3 cc cc cc cc cc cc cc cc cc cc cc cc cc cc
0x0000000068f23350:   40 57 48 83 ec 20 48 63 51 08 48 8b f9 83 fa 08
0x0000000068f23360:   73 22 48 8b 41 10 48 8d 0c 90 66 0f 1f 44 00 00 


Register to memory mapping:

RAX=0x0000000000000000 is an unknown value
RBX=0x00000000200d5dd0 is an unknown value
RCX=0x000000001871c370 is pointing into the stack for thread: 0x0000000017611000
RDX=0x00000000003a0000 is an unknown value
RSP=0x000000001871c2d8 is pointing into the stack for thread: 0x0000000017611000
RBP=0x0000000000000e94 is an unknown value
RSI=0x000000001871c690 is pointing into the stack for thread: 0x0000000017611000
RDI=0x0000000000001dfc is an unknown value
R8 =0x0000000000100000 is an unknown value
R9 =0x000000001937a260 is an unknown value
R10=0x0000000068ab0000 is an unknown value
R11=0x00000000201ad550 is an unknown value
R12=0x000000006927f750 is an unknown value
R13=0x0000000020237110 is an unknown value
R14=0x00000000000912b0 is an unknown value
R15=0x0000000068ab0000 is an unknown value


Stack: [0x0000000018620000,0x0000000018720000],  sp=0x000000001871c2d8,  free space=1008k
Native frames: (J=compiled Java code, j=interpreted, Vv=VM code, C=native code)
V  [jvm.dll+0x473350]
V  [jvm.dll+0x43c11f]
V  [jvm.dll+0x43dc38]
V  [jvm.dll+0x43de26]
V  [jvm.dll+0x43b964]
V  [jvm.dll+0x43aa64]
V  [jvm.dll+0x4456ab]
V  [jvm.dll+0x447fa8]
V  [jvm.dll+0x42b072]
V  [jvm.dll+0x8230f]
V  [jvm.dll+0x82c7f]
V  [jvm.dll+0x220b7f]
V  [jvm.dll+0x27276a]
C  [msvcr100.dll+0x21d9f]
C  [msvcr100.dll+0x21e3b]
C  [KERNEL32.DLL+0x1412]
C  [ntdll.dll+0x154f4]


Current CompileTask:
C2:  14655 2288       4       java.net.URLClassLoader$1::run (5 bytes)


---------------  P R O C E S S  ---------------

Java Threads: ( => current thread )
  0x00000000195e1000 JavaThread "Cache worker for execution history cache (C:\Users\user\.gradle\caches\6.1.1\executionHistory)" [_thread_blocked, id=5072, stack(0x000000001e7b0000,0x000000001e8b0000)]
  0x00000000195de800 JavaThread "Cache worker for cache directory md-rule (C:\Users\user\.gradle\caches\6.1.1\md-rule)" [_thread_blocked, id=5032, stack(0x000000001e6b0000,0x000000001e7b0000)]
  0x00000000195db000 JavaThread "Cache worker for cache directory md-supplier (C:\Users\user\.gradle\caches\6.1.1\md-supplier)" [_thread_blocked, id=5780, stack(0x000000001e4b0000,0x000000001e5b0000)]
  0x00000000195de000 JavaThread "Cache worker for file hash cache (C:\Users\user\AndroidStudioProjects\MyApplication\.gradle\6.1.1\fileHashes)" [_thread_blocked, id=5480, stack(0x000000001dfb0000,0x000000001e0b0000)]
  0x00000000195dd000 JavaThread "Cache worker for checksums cache (C:\Users\user\AndroidStudioProjects\MyApplication\.gradle\checksums)" [_thread_blocked, id=5828, stack(0x000000001deb0000,0x000000001dfb0000)]
  0x00000000195dc800 JavaThread "Cache worker for file hash cache (C:\Users\user\.gradle\caches\6.1.1\fileHashes)" [_thread_blocked, id=1320, stack(0x000000001cbe0000,0x000000001cce0000)]
  0x00000000195da000 JavaThread "File lock request listener" [_thread_in_native, id=6052, stack(0x000000001cae0000,0x000000001cbe0000)]
  0x00000000195db800 JavaThread "Cache worker for journal cache (C:\Users\user\.gradle\caches\journal-1)" [_thread_blocked, id=5140, stack(0x000000001c9e0000,0x000000001cae0000)]
  0x000000001aad5800 JavaThread "Thread-9" [_thread_blocked, id=1076, stack(0x000000001c6e0000,0x000000001c7e0000)]
  0x000000001aafd000 JavaThread "Stdin handler" [_thread_blocked, id=5092, stack(0x000000001c5e0000,0x000000001c6e0000)]
  0x000000001aa69800 JavaThread "Asynchronous log dispatcher for DefaultDaemonConnection: socket connection from /127.0.0.1:49629 to /127.0.0.1:49630" [_thread_blocked, id=204, stack(0x000000001c4e0000,0x000000001c5e0000)]
  0x000000001aa62000 JavaThread "Daemon worker" [_thread_in_native, id=1452, stack(0x000000001c3e0000,0x000000001c4e0000)]
  0x000000001aa59000 JavaThread "Cancel handler" [_thread_blocked, id=1980, stack(0x000000001c2e0000,0x000000001c3e0000)]
  0x000000001a838800 JavaThread "Handler for socket connection from /127.0.0.1:49629 to /127.0.0.1:49630" [_thread_in_native, id=3384, stack(0x000000001bfe0000,0x000000001c0e0000)]
  0x000000001a838000 JavaThread "Daemon" [_thread_blocked, id=5336, stack(0x000000001bee0000,0x000000001bfe0000)]
  0x000000001aa6e000 JavaThread "Daemon periodic checks" [_thread_blocked, id=5296, stack(0x000000001bde0000,0x000000001bee0000)]
  0x000000001a821000 JavaThread "Incoming local TCP Connector on port 49629" [_thread_in_native, id=5436, stack(0x0000000018f20000,0x0000000019020000)]
  0x000000001a7bf800 JavaThread "Daemon health stats" [_thread_blocked, id=2160, stack(0x0000000018e20000,0x0000000018f20000)]
  0x0000000017643000 JavaThread "Service Thread" daemon [_thread_blocked, id=6140, stack(0x0000000018820000,0x0000000018920000)]
  0x000000001761a000 JavaThread "C1 CompilerThread1" daemon [_thread_blocked, id=4320, stack(0x0000000018720000,0x0000000018820000)]
=>0x0000000017611000 JavaThread "C2 CompilerThread0" daemon [_thread_in_native, id=5380, stack(0x0000000018620000,0x0000000018720000)]
  0x000000001760f800 JavaThread "Attach Listener" daemon [_thread_blocked, id=4532, stack(0x0000000018520000,0x0000000018620000)]
  0x000000001760c000 JavaThread "Signal Dispatcher" daemon [_thread_blocked, id=984, stack(0x0000000018420000,0x0000000018520000)]
  0x0000000002c27800 JavaThread "Finalizer" daemon [_thread_blocked, id=2852, stack(0x0000000018240000,0x0000000018340000)]
  0x00000000175f7000 JavaThread "Reference Handler" daemon [_thread_blocked, id=3388, stack(0x0000000018140000,0x0000000018240000)]
  0x0000000002a2d800 JavaThread "main" [_thread_blocked, id=5344, stack(0x0000000002a30000,0x0000000002b30000)]

Other Threads:
  0x00000000175d4000 VMThread [stack: 0x0000000018040000,0x0000000018140000] [id=412]
  0x0000000017656000 WatcherThread [stack: 0x0000000018920000,0x0000000018a20000] [id=1940]

VM state:not at safepoint (normal execution)

VM Mutex/Monitor currently owned by a thread: None

heap address: 0x0000000080000000, size: 2048 MB, Compressed Oops mode: 32-bit
Narrow klass base: 0x0000000000000000, Narrow klass shift: 3
Compressed class space size: 1073741824 Address: 0x0000000100000000

Heap:
 PSYoungGen      total 138752K, used 88110K [0x00000000d5580000, 0x00000000de680000, 0x0000000100000000)
  eden space 129024K, 68% used [0x00000000d5580000,0x00000000dab8b9c0,0x00000000dd380000)
  from space 9728K, 0% used [0x00000000ddd00000,0x00000000ddd00000,0x00000000de680000)
  to   space 9728K, 0% used [0x00000000dd380000,0x00000000dd380000,0x00000000ddd00000)
 ParOldGen       total 30720K, used 8776K [0x0000000080000000, 0x0000000081e00000, 0x00000000d5580000)
  object space 30720K, 28% used [0x0000000080000000,0x0000000080892200,0x0000000081e00000)
 Metaspace       used 30116K, capacity 30822K, committed 31024K, reserved 1075200K
  class space    used 4052K, capacity 4290K, committed 4400K, reserved 1048576K

Card table byte_map: [0x0000000011ff0000,0x0000000012400000] byte_map_base: 0x0000000011bf0000

Marking Bits: (ParMarkBitMap*) 0x000000006927f030
 Begin Bits: [0x00000000128b0000, 0x00000000148b0000)
 End Bits:   [0x00000000148b0000, 0x00000000168b0000)

Polling page: 0x00000000011b0000

CodeCache: size=245760Kb used=8735Kb max_used=8763Kb free=237024Kb
 bounds [0x0000000002c30000, 0x00000000034d0000, 0x0000000011c30000]
 total_blobs=2898 nmethods=2218 adapters=594
 compilation: enabled

Compilation events (10 events):
Event: 14.165 Thread 0x000000001761a000 2385       3       org.objectweb.asm.Handler::putExceptionTable (63 bytes)
Event: 14.165 Thread 0x000000001761a000 nmethod 2385 0x00000000034c0cd0 code [0x00000000034c0ea0, 0x00000000034c1368]
Event: 14.166 Thread 0x000000001761a000 2386       3       com.google.common.collect.ImmutableCollection$ArrayBasedBuilder::add (34 bytes)
Event: 14.166 Thread 0x000000001761a000 nmethod 2386 0x00000000034c16d0 code [0x00000000034c1860, 0x00000000034c1cb8]
Event: 14.227 Thread 0x000000001761a000 2387       3       org.gradle.internal.service.RelevantMethods::toServiceMethodList (61 bytes)
Event: 14.228 Thread 0x000000001761a000 nmethod 2387 0x00000000034c1e90 code [0x00000000034c20c0, 0x00000000034c2d08]
Event: 14.228 Thread 0x000000001761a000 2388       3       sun.reflect.generics.parser.SignatureParser::make (8 bytes)
Event: 14.228 Thread 0x000000001761a000 nmethod 2388 0x00000000034c3350 code [0x00000000034c34c0, 0x00000000034c36f0]
Event: 14.228 Thread 0x000000001761a000 2389       3       sun.reflect.generics.parser.SignatureParser::<init> (10 bytes)
Event: 14.229 Thread 0x000000001761a000 nmethod 2389 0x00000000034c37d0 code [0x00000000034c3920, 0x00000000034c3ad0]

GC Heap History (10 events):
Event: 5.162 GC heap before
{Heap before GC invocations=5 (full 0):
 PSYoungGen      total 35328K, used 35296K [0x00000000d5580000, 0x00000000d7a80000, 0x0000000100000000)
  eden space 32768K, 100% used [0x00000000d5580000,0x00000000d7580000,0x00000000d7580000)
  from space 2560K, 98% used [0x00000000d7800000,0x00000000d7a78020,0x00000000d7a80000)
  to   space 2560K, 0% used [0x00000000d7580000,0x00000000d7580000,0x00000000d7800000)
 ParOldGen       total 44032K, used 1453K [0x0000000080000000, 0x0000000082b00000, 0x00000000d5580000)
  object space 44032K, 3% used [0x0000000080000000,0x000000008016b4d0,0x0000000082b00000)
 Metaspace       used 12174K, capacity 12484K, committed 12800K, reserved 1060864K
  class space    used 1618K, capacity 1730K, committed 1792K, reserved 1048576K
Event: 5.176 GC heap after
Heap after GC invocations=5 (full 0):
 PSYoungGen      total 35328K, used 2544K [0x00000000d5580000, 0x00000000da180000, 0x0000000100000000)
  eden space 32768K, 0% used [0x00000000d5580000,0x00000000d5580000,0x00000000d7580000)
  from space 2560K, 99% used [0x00000000d7580000,0x00000000d77fc010,0x00000000d7800000)
  to   space 6144K, 0% used [0x00000000d9b80000,0x00000000d9b80000,0x00000000da180000)
 ParOldGen       total 44032K, used 5028K [0x0000000080000000, 0x0000000082b00000, 0x00000000d5580000)
  object space 44032K, 11% used [0x0000000080000000,0x00000000804e9240,0x0000000082b00000)
 Metaspace       used 12174K, capacity 12484K, committed 12800K, reserved 1060864K
  class space    used 1618K, capacity 1730K, committed 1792K, reserved 1048576K
}
Event: 6.808 GC heap before
{Heap before GC invocations=6 (full 0):
 PSYoungGen      total 35328K, used 35312K [0x00000000d5580000, 0x00000000da180000, 0x0000000100000000)
  eden space 32768K, 100% used [0x00000000d5580000,0x00000000d7580000,0x00000000d7580000)
  from space 2560K, 99% used [0x00000000d7580000,0x00000000d77fc010,0x00000000d7800000)
  to   space 6144K, 0% used [0x00000000d9b80000,0x00000000d9b80000,0x00000000da180000)
 ParOldGen       total 44032K, used 5028K [0x0000000080000000, 0x0000000082b00000, 0x00000000d5580000)
  object space 44032K, 11% used [0x0000000080000000,0x00000000804e9240,0x0000000082b00000)
 Metaspace       used 15409K, capacity 15820K, committed 16128K, reserved 1062912K
  class space    used 2051K, capacity 2218K, committed 2304K, reserved 1048576K
Event: 6.838 GC heap after
Heap after GC invocations=6 (full 0):
 PSYoungGen      total 70656K, used 6134K [0x00000000d5580000, 0x00000000da380000, 0x0000000100000000)
  eden space 64512K, 0% used [0x00000000d5580000,0x00000000d5580000,0x00000000d9480000)
  from space 6144K, 99% used [0x00000000d9b80000,0x00000000da17da88,0x00000000da180000)
  to   space 7168K, 0% used [0x00000000d9480000,0x00000000d9480000,0x00000000d9b80000)
 ParOldGen       total 44032K, used 5036K [0x0000000080000000, 0x0000000082b00000, 0x00000000d5580000)
  object space 44032K, 11% used [0x0000000080000000,0x00000000804eb240,0x0000000082b00000)
 Metaspace       used 15409K, capacity 15820K, committed 16128K, reserved 1062912K
  class space    used 2051K, capacity 2218K, committed 2304K, reserved 1048576K
}
Event: 10.190 GC heap before
{Heap before GC invocations=7 (full 0):
 PSYoungGen      total 70656K, used 70646K [0x00000000d5580000, 0x00000000da380000, 0x0000000100000000)
  eden space 64512K, 100% used [0x00000000d5580000,0x00000000d9480000,0x00000000d9480000)
  from space 6144K, 99% used [0x00000000d9b80000,0x00000000da17da88,0x00000000da180000)
  to   space 7168K, 0% used [0x00000000d9480000,0x00000000d9480000,0x00000000d9b80000)
 ParOldGen       total 44032K, used 5036K [0x0000000080000000, 0x0000000082b00000, 0x00000000d5580000)
  object space 44032K, 11% used [0x0000000080000000,0x00000000804eb240,0x0000000082b00000)
 Metaspace       used 20565K, capacity 21228K, committed 21296K, reserved 1067008K
  class space    used 2874K, capacity 3084K, committed 3120K, reserved 1048576K
Event: 10.213 GC heap after
Heap after GC invocations=7 (full 0):
 PSYoungGen      total 71680K, used 7161K [0x00000000d5580000, 0x00000000de680000, 0x0000000100000000)
  eden space 64512K, 0% used [0x00000000d5580000,0x00000000d5580000,0x00000000d9480000)
  from space 7168K, 99% used [0x00000000d9480000,0x00000000d9b7e5c8,0x00000000d9b80000)
  to   space 9728K, 0% used [0x00000000ddd00000,0x00000000ddd00000,0x00000000de680000)
 ParOldGen       total 44032K, used 7900K [0x0000000080000000, 0x0000000082b00000, 0x00000000d5580000)
  object space 44032K, 17% used [0x0000000080000000,0x00000000807b7330,0x0000000082b00000)
 Metaspace       used 20565K, capacity 21228K, committed 21296K, reserved 1067008K
  class space    used 2874K, capacity 3084K, committed 3120K, reserved 1048576K
}
Event: 10.221 GC heap before
{Heap before GC invocations=8 (full 0):
 PSYoungGen      total 71680K, used 8149K [0x00000000d5580000, 0x00000000de680000, 0x0000000100000000)
  eden space 64512K, 1% used [0x00000000d5580000,0x00000000d5677080,0x00000000d9480000)
  from space 7168K, 99% used [0x00000000d9480000,0x00000000d9b7e5c8,0x00000000d9b80000)
  to   space 9728K, 0% used [0x00000000ddd00000,0x00000000ddd00000,0x00000000de680000)
 ParOldGen       total 44032K, used 7900K [0x0000000080000000, 0x0000000082b00000, 0x00000000d5580000)
  object space 44032K, 17% used [0x0000000080000000,0x00000000807b7330,0x0000000082b00000)
 Metaspace       used 20587K, capacity 21228K, committed 21296K, reserved 1067008K
  class space    used 2876K, capacity 3084K, committed 3120K, reserved 1048576K
Event: 10.233 GC heap after
Heap after GC invocations=8 (full 0):
 PSYoungGen      total 138752K, used 3652K [0x00000000d5580000, 0x00000000de680000, 0x0000000100000000)
  eden space 129024K, 0% used [0x00000000d5580000,0x00000000d5580000,0x00000000dd380000)
  from space 9728K, 37% used [0x00000000ddd00000,0x00000000de091050,0x00000000de680000)
  to   space 9728K, 0% used [0x00000000dd380000,0x00000000dd380000,0x00000000ddd00000)
 ParOldGen       total 44032K, used 8620K [0x0000000080000000, 0x0000000082b00000, 0x00000000d5580000)
  object space 44032K, 19% used [0x0000000080000000,0x000000008086b330,0x0000000082b00000)
 Metaspace       used 20587K, capacity 21228K, committed 21296K, reserved 1067008K
  class space    used 2876K, capacity 3084K, committed 3120K, reserved 1048576K
}
Event: 10.233 GC heap before
{Heap before GC invocations=9 (full 1):
 PSYoungGen      total 138752K, used 3652K [0x00000000d5580000, 0x00000000de680000, 0x0000000100000000)
  eden space 129024K, 0% used [0x00000000d5580000,0x00000000d5580000,0x00000000dd380000)
  from space 9728K, 37% used [0x00000000ddd00000,0x00000000de091050,0x00000000de680000)
  to   space 9728K, 0% used [0x00000000dd380000,0x00000000dd380000,0x00000000ddd00000)
 ParOldGen       total 44032K, used 8620K [0x0000000080000000, 0x0000000082b00000, 0x00000000d5580000)
  object space 44032K, 19% used [0x0000000080000000,0x000000008086b330,0x0000000082b00000)
 Metaspace       used 20587K, capacity 21228K, committed 21296K, reserved 1067008K
  class space    used 2876K, capacity 3084K, committed 3120K, reserved 1048576K
Event: 10.412 GC heap after
Heap after GC invocations=9 (full 1):
 PSYoungGen      total 138752K, used 0K [0x00000000d5580000, 0x00000000de680000, 0x0000000100000000)
  eden space 129024K, 0% used [0x00000000d5580000,0x00000000d5580000,0x00000000dd380000)
  from space 9728K, 0% used [0x00000000ddd00000,0x00000000ddd00000,0x00000000de680000)
  to   space 9728K, 0% used [0x00000000dd380000,0x00000000dd380000,0x00000000ddd00000)
 ParOldGen       total 30720K, used 8776K [0x0000000080000000, 0x0000000081e00000, 0x00000000d5580000)
  object space 30720K, 28% used [0x0000000080000000,0x0000000080892200,0x0000000081e00000)
 Metaspace       used 20587K, capacity 21228K, committed 21296K, reserved 1067008K
  class space    used 2876K, capacity 3084K, committed 3120K, reserved 1048576K
}

Deoptimization events (10 events):
Event: 10.610 Thread 0x000000001aa62000 Uncommon trap: reason=unstable_if action=reinterpret pc=0x0000000003052ea8 method=java.util.HashMap.hash(Ljava/lang/Object;)I @ 1
Event: 10.821 Thread 0x000000001aa62000 Uncommon trap: reason=unstable_if action=reinterpret pc=0x0000000002f6dbbc method=java.io.WinNTFileSystem.resolve(Ljava/lang/String;Ljava/lang/String;)Ljava/lang/String; @ 49
Event: 10.941 Thread 0x000000001aa62000 Uncommon trap: reason=unstable_if action=reinterpret pc=0x0000000002f611b0 method=java.util.LinkedHashMap.afterNodeInsertion(Z)V @ 1
Event: 13.457 Thread 0x000000001aa62000 Uncommon trap: reason=class_check action=maybe_recompile pc=0x00000000033b6ed0 method=sun.misc.URLClassPath.getLoader(I)Lsun/misc/URLClassPath$Loader; @ 94
Event: 13.457 Thread 0x000000001aa62000 Uncommon trap: reason=class_check action=maybe_recompile pc=0x0000000003389918 method=sun.misc.URLClassPath.getResource(Ljava/lang/String;Z)Lsun/misc/Resource; @ 62
Event: 13.457 Thread 0x000000001aa62000 Uncommon trap: reason=unstable_if action=reinterpret pc=0x0000000003312ff4 method=java.lang.String.regionMatches(ZILjava/lang/String;II)Z @ 41
Event: 13.477 Thread 0x000000001aa62000 Uncommon trap: reason=unstable_if action=reinterpret pc=0x0000000003284c4c method=java.lang.ClassLoader.getClassLoadingLock(Ljava/lang/String;)Ljava/lang/Object; @ 6
Event: 13.520 Thread 0x000000001aa62000 Uncommon trap: reason=class_check action=maybe_recompile pc=0x00000000033b7b50 method=sun.misc.URLClassPath.getLoader(I)Lsun/misc/URLClassPath$Loader; @ 239
Event: 13.521 Thread 0x000000001aa62000 Uncommon trap: reason=unstable_if action=reinterpret pc=0x0000000003169378 method=java.lang.String.regionMatches(ZILjava/lang/String;II)Z @ 41
Event: 13.551 Thread 0x000000001aa62000 Uncommon trap: reason=class_check action=maybe_recompile pc=0x00000000033b7b50 method=sun.misc.URLClassPath.getLoader(I)Lsun/misc/URLClassPath$Loader; @ 239

Classes redefined (0 events):
No events

Internal exceptions (10 events):
Event: 13.550 Thread 0x000000001aa62000 Exception <a 'java/lang/ClassNotFoundException': org/gradle/initialization/SettingsScriptCustomizer> (0x00000000d95e1ea8) thrown at [C:\src\AOSP-openjdk-git\hotspot\src\share\vm\classfile\systemDictionary.cpp, line 210]
Event: 13.552 Thread 0x000000001aa62000 Exception <a 'java/lang/ClassNotFoundException': settings_ddamsib59l0i399j8akzjxzriCustomizer> (0x00000000d95f7418) thrown at [C:\src\AOSP-openjdk-git\hotspot\src\share\vm\classfile\systemDictionary.cpp, line 210]
Event: 13.762 Thread 0x000000001aa62000 Exception <a 'java/lang/ClassNotFoundException': org/gradle/initialization/DefaultSettings_DecoratedBeanInfo> (0x00000000d9a5c4d0) thrown at [C:\src\AOSP-openjdk-git\hotspot\src\share\vm\classfile\systemDictionary.cpp, line 210]
Event: 13.765 Thread 0x000000001aa62000 Exception <a 'java/lang/ClassNotFoundException': org/gradle/initialization/DefaultSettingsBeanInfo> (0x00000000d9a88048) thrown at [C:\src\AOSP-openjdk-git\hotspot\src\share\vm\classfile\systemDictionary.cpp, line 210]
Event: 13.766 Thread 0x000000001aa62000 Exception <a 'java/lang/ClassNotFoundException': org/gradle/api/internal/project/AbstractPluginAwareBeanInfo> (0x00000000d9aba550) thrown at [C:\src\AOSP-openjdk-git\hotspot\src\share\vm\classfile\systemDictionary.cpp, line 210]
Event: 13.767 Thread 0x000000001aa62000 Exception <a 'java/lang/ClassNotFoundException': org/gradle/api/internal/project/AbstractPluginAwareCustomizer> (0x00000000d9aed650) thrown at [C:\src\AOSP-openjdk-git\hotspot\src\share\vm\classfile\systemDictionary.cpp, line 210]
Event: 13.770 Thread 0x000000001aa62000 Exception <a 'java/lang/ClassNotFoundException': org/gradle/initialization/DefaultSettingsCustomizer> (0x00000000d9b22f58) thrown at [C:\src\AOSP-openjdk-git\hotspot\src\share\vm\classfile\systemDictionary.cpp, line 210]
Event: 13.785 Thread 0x000000001aa62000 Exception <a 'java/lang/ClassNotFoundException': org/gradle/initialization/DefaultSettings_DecoratedCustomizer> (0x00000000d9b91a10) thrown at [C:\src\AOSP-openjdk-git\hotspot\src\share\vm\classfile\systemDictionary.cpp, line 210]
Event: 13.959 Thread 0x000000001aa62000 Exception <a 'java/lang/ClassNotFoundException': org/gradle/initialization/DefaultProjectDescriptorBeanInfo> (0x00000000d9dfdd38) thrown at [C:\src\AOSP-openjdk-git\hotspot\src\share\vm\classfile\systemDictionary.cpp, line 210]
Event: 13.960 Thread 0x000000001aa62000 Exception <a 'java/lang/ClassNotFoundException': org/gradle/initialization/DefaultProjectDescriptorCustomizer> (0x00000000d9e2ec58) thrown at [C:\src\AOSP-openjdk-git\hotspot\src\share\vm\classfile\systemDictionary.cpp, line 210]

Events (10 events):
Event: 14.229 loading class org/gradle/api/internal/tasks/compile/GroovyServices$ProjectServices
Event: 14.229 loading class org/gradle/api/internal/tasks/compile/GroovyServices$ProjectServices done
Event: 14.230 loading class org/gradle/api/internal/tasks/compile/GroovyCompilerFactory
Event: 14.230 loading class org/gradle/api/internal/tasks/compile/GroovyCompilerFactory done
Event: 14.231 loading class org/gradle/language/base/internal/compile/CompilerFactory
Event: 14.231 loading class org/gradle/language/base/internal/compile/CompilerFactory done
Event: 14.232 loading class org/gradle/buildinit/plugins/internal/services/BuildInitServices$ProjectScopeBuildInitServices
Event: 14.232 loading class org/gradle/buildinit/plugins/internal/services/BuildInitServices$ProjectScopeBuildInitServices done
Event: 14.233 loading class org/gradle/buildinit/plugins/internal/ProjectLayoutSetupRegistry
Event: 14.233 loading class org/gradle/buildinit/plugins/internal/ProjectLayoutSetupRegistry done


Dynamic libraries:
0x00007ff6fdc20000 - 0x00007ff6fdc51000 	C:\Program Files\Android\Android Studio1\jre\bin\java.exe
0x00007ffa7a220000 - 0x00007ffa7a3cd000 	C:\Windows\SYSTEM32\ntdll.dll
0x00007ffa783a0000 - 0x00007ffa784df000 	C:\Windows\system32\KERNEL32.DLL
0x00007ffa667c0000 - 0x00007ffa667d2000 	C:\Program Files\AVAST Software\Avast\aswhook.dll
0x00007ffa774b0000 - 0x00007ffa775c5000 	C:\Windows\system32\KERNELBASE.dll
0x00007ffa784e0000 - 0x00007ffa7858a000 	C:\Windows\system32\ADVAPI32.dll
0x00007ffa778b0000 - 0x00007ffa77a27000 	C:\Windows\system32\USER32.dll
0x00007ffa76200000 - 0x00007ffa7647b000 	C:\Windows\WinSxS\amd64_microsoft.windows.common-controls_6595b64144ccf1df_6.0.9600.19394_none_62486577ecb635cf\COMCTL32.dll
0x00007ffa7a170000 - 0x00007ffa7a21a000 	C:\Windows\system32\msvcrt.dll
0x00007ffa79db0000 - 0x00007ffa79e08000 	C:\Windows\SYSTEM32\sechost.dll
0x00007ffa77a30000 - 0x00007ffa77b70000 	C:\Windows\system32\RPCRT4.dll
0x00007ffa79b30000 - 0x00007ffa79c7d000 	C:\Windows\system32\GDI32.dll
0x00007ffa77420000 - 0x00007ffa7744e000 	C:\Windows\system32\SspiCli.dll
0x00007ffa78360000 - 0x00007ffa78396000 	C:\Windows\system32\IMM32.DLL
0x00007ffa77f20000 - 0x00007ffa78071000 	C:\Windows\system32\MSCTF.dll
0x0000000067f60000 - 0x0000000068032000 	C:\Program Files\Android\Android Studio1\jre\jre\bin\msvcr100.dll
0x0000000068ab0000 - 0x00000000692fb000 	C:\Program Files\Android\Android Studio1\jre\jre\bin\server\jvm.dll
0x00007ffa71160000 - 0x00007ffa71169000 	C:\Windows\SYSTEM32\WSOCK32.dll
0x00007ffa75170000 - 0x00007ffa75192000 	C:\Windows\SYSTEM32\WINMM.dll
0x00007ffa703a0000 - 0x00007ffa703aa000 	C:\Windows\SYSTEM32\VERSION.dll
0x00007ffa78290000 - 0x00007ffa78297000 	C:\Windows\system32\PSAPI.DLL
0x00007ffa7a110000 - 0x00007ffa7a16a000 	C:\Windows\system32\WS2_32.dll
0x00007ffa75140000 - 0x00007ffa7516a000 	C:\Windows\SYSTEM32\WINMMBASE.dll
0x00007ffa7a030000 - 0x00007ffa7a039000 	C:\Windows\system32\NSI.dll
0x00007ffa777b0000 - 0x00007ffa777ff000 	C:\Windows\SYSTEM32\cfgmgr32.dll
0x00007ffa75d30000 - 0x00007ffa75d58000 	C:\Windows\SYSTEM32\DEVOBJ.dll
0x00007ffa628d0000 - 0x00007ffa628df000 	C:\Program Files\Android\Android Studio1\jre\jre\bin\verify.dll
0x00007ffa61220000 - 0x00007ffa61249000 	C:\Program Files\Android\Android Studio1\jre\jre\bin\java.dll
0x00007ffa62650000 - 0x00007ffa62666000 	C:\Program Files\Android\Android Studio1\jre\jre\bin\zip.dll
0x00007ffa78590000 - 0x00007ffa79abd000 	C:\Windows\system32\SHELL32.dll
0x00007ffa78080000 - 0x00007ffa78290000 	C:\Windows\SYSTEM32\combase.dll
0x00007ffa79e10000 - 0x00007ffa79e64000 	C:\Windows\system32\SHLWAPI.dll
0x00007ffa76000000 - 0x00007ffa760b2000 	C:\Windows\SYSTEM32\SHCORE.dll
0x00007ffa77350000 - 0x00007ffa77365000 	C:\Windows\SYSTEM32\profapi.dll
0x00007ffa61200000 - 0x00007ffa6121a000 	C:\Program Files\Android\Android Studio1\jre\jre\bin\net.dll
0x00007ffa76b00000 - 0x00007ffa76b59000 	C:\Windows\system32\mswsock.dll
0x00007ffa611e0000 - 0x00007ffa611f3000 	C:\Program Files\Android\Android Studio1\jre\jre\bin\nio.dll
0x00007ffa69a30000 - 0x00007ffa69a56000 	C:\Users\user\.gradle\native\31\windows-amd64\native-platform.dll
0x00007ffa61da0000 - 0x00007ffa61dad000 	C:\Program Files\Android\Android Studio1\jre\jre\bin\management.dll
0x00007ffa76b60000 - 0x00007ffa76b80000 	C:\Windows\SYSTEM32\CRYPTSP.dll
0x00007ffa76780000 - 0x00007ffa767b6000 	C:\Windows\system32\rsaenh.dll
0x00007ffa76e00000 - 0x00007ffa76e26000 	C:\Windows\SYSTEM32\bcrypt.dll
0x00007ffa76890000 - 0x00007ffa768b1000 	C:\Windows\SYSTEM32\USERENV.dll
0x00007ffa771b0000 - 0x00007ffa77213000 	C:\Windows\system32\bcryptprimitives.dll
0x00007ffa77220000 - 0x00007ffa7722b000 	C:\Windows\SYSTEM32\CRYPTBASE.dll
0x00007ffa71ab0000 - 0x00007ffa71ada000 	C:\Windows\SYSTEM32\IPHLPAPI.DLL
0x00007ffa71a90000 - 0x00007ffa71a9a000 	C:\Windows\SYSTEM32\WINNSI.DLL
0x00007ffa716c0000 - 0x00007ffa716d6000 	C:\Windows\SYSTEM32\dhcpcsvc6.DLL
0x00007ffa71750000 - 0x00007ffa7176a000 	C:\Windows\SYSTEM32\dhcpcsvc.DLL
0x00007ffa70090000 - 0x00007ffa70219000 	C:\Windows\SYSTEM32\dbghelp.dll

VM Arguments:
jvm_args: -Xmx2048m -Dfile.encoding=windows-1252 -Duser.country=US -Duser.language=en -Duser.variant 
java_command: org.gradle.launcher.daemon.bootstrap.GradleDaemon 6.1.1
java_class_path (initial): C:\Users\user\.gradle\wrapper\dists\gradle-6.1.1-all\cfmwm155h49vnt3hynmlrsdst\gradle-6.1.1\lib\gradle-launcher-6.1.1.jar
Launcher Type: SUN_STANDARD

Environment Variables:
PATH=C:\Windows\system32;C:\Windows;C:\Windows\System32\Wbem;C:\Windows\System32\WindowsPowerShell\v1.0\;C:\Program Files\Git\cmd;C:\Program Files\Git\mingw64\bin;C:\Program Files\Git\usr\bin;C:\Users\user\AppData\Local\Programs\Python\Python38;C:\Users\user\AppData\Local\Programs\Python\Python38\Scripts\;C:\Users\user\AppData\Local\Programs\Python\Python38\;C:\Users\user\AppData\Local\Programs\Microsoft VS Code\bin
USERNAME=user
OS=Windows_NT
PROCESSOR_IDENTIFIER=Intel64 Family 6 Model 61 Stepping 4, GenuineIntel



---------------  S Y S T E M  ---------------

OS: Windows 8.1 , 64 bit Build 9600 (6.3.9600.19719)

CPU:total 2 (initial active 2) (2 cores per cpu, 1 threads per core) family 6 model 61 stepping 4, cmov, cx8, fxsr, mmx, sse, sse2, sse3, ssse3, sse4.1, sse4.2, popcnt, clmul, erms, 3dnowpref, lzcnt, tsc, tscinvbit

Memory: 4k page, physical 4102996k(730912k free), swap 8297300k(4015424k free)

vm_info: OpenJDK 64-Bit Server VM (25.242-b01) for windows-amd64 JRE (1.8.0_242-release-1644-b01), built by "builder" with MS VC++ 10.0 (VS2010)

time: Fri Aug 14 11:11:17 2020
timezone: Pacific Daylight Time
elapsed time: 14 seconds (0d 0h 0m 14s)

